C:\USERS\MAX\DOCUMENTS\FINAL GAME\V9\CONSOLEAPPLICATION3\RELEASE\USERINTERFACE.OBJ
C:\USERS\MAX\DOCUMENTS\FINAL GAME\V9\CONSOLEAPPLICATION3\RELEASE\SPEEDPOWERUP.OBJ
C:\USERS\MAX\DOCUMENTS\FINAL GAME\V9\CONSOLEAPPLICATION3\RELEASE\SOURCE.OBJ
C:\USERS\MAX\DOCUMENTS\FINAL GAME\V9\CONSOLEAPPLICATION3\RELEASE\POWERUP.OBJ
C:\USERS\MAX\DOCUMENTS\FINAL GAME\V9\CONSOLEAPPLICATION3\RELEASE\PLAYER.OBJ
C:\USERS\MAX\DOCUMENTS\FINAL GAME\V9\CONSOLEAPPLICATION3\RELEASE\HEALTHPOWERUP.OBJ
C:\USERS\MAX\DOCUMENTS\FINAL GAME\V9\CONSOLEAPPLICATION3\RELEASE\HEALTHBARPLAYER.OBJ
C:\USERS\MAX\DOCUMENTS\FINAL GAME\V9\CONSOLEAPPLICATION3\RELEASE\HEALTHBAR.OBJ
C:\USERS\MAX\DOCUMENTS\FINAL GAME\V9\CONSOLEAPPLICATION3\RELEASE\ENEMY.OBJ
C:\USERS\MAX\DOCUMENTS\FINAL GAME\V9\CONSOLEAPPLICATION3\RELEASE\DAMAGEDONEPOWERUP.OBJ
C:\USERS\MAX\DOCUMENTS\FINAL GAME\V9\CONSOLEAPPLICATION3\RELEASE\BULLET.OBJ
C:\USERS\MAX\DOCUMENTS\FINAL GAME\V9\CONSOLEAPPLICATION3\RELEASE\BABYHIPHOP.OBJ
C:\USERS\MAX\DOCUMENTS\FINAL GAME\V9\CONSOLEAPPLICATION3\RELEASE\VC110.PDB
C:\USERS\MAX\DOCUMENTS\FINAL GAME\V9\RELEASE\GAME.EXE
C:\USERS\MAX\DOCUMENTS\FINAL GAME\V9\RELEASE\GAME.PDB
C:\Users\Max\Documents\Final game\v9\ConsoleApplication3\Release\BabyHipHop.obj
C:\Users\Max\Documents\Final game\v9\ConsoleApplication3\Release\Bullet.obj
C:\Users\Max\Documents\Final game\v9\ConsoleApplication3\Release\DamageDonePowerUp.obj
C:\Users\Max\Documents\Final game\v9\ConsoleApplication3\Release\Enemy.obj
C:\Users\Max\Documents\Final game\v9\ConsoleApplication3\Release\HealthBar.obj
C:\Users\Max\Documents\Final game\v9\ConsoleApplication3\Release\HealthBarPlayer.obj
C:\Users\Max\Documents\Final game\v9\ConsoleApplication3\Release\HealthPowerUp.obj
C:\Users\Max\Documents\Final game\v9\ConsoleApplication3\Release\Player.obj
C:\Users\Max\Documents\Final game\v9\ConsoleApplication3\Release\PowerUp.obj
C:\Users\Max\Documents\Final game\v9\ConsoleApplication3\Release\Source.obj
C:\Users\Max\Documents\Final game\v9\ConsoleApplication3\Release\SpeedPowerUp.obj
C:\Users\Max\Documents\Final game\v9\ConsoleApplication3\Release\UserInterface.obj
C:\Users\Max\Documents\Final game\v9\ConsoleApplication3\Release\cl.command.1.tlog
C:\Users\Max\Documents\Final game\v9\ConsoleApplication3\Release\CL.read.1.tlog
C:\Users\Max\Documents\Final game\v9\ConsoleApplication3\Release\CL.write.1.tlog
C:\Users\Max\Documents\Final game\v9\ConsoleApplication3\Release\link-cvtres.read.1.tlog
C:\Users\Max\Documents\Final game\v9\ConsoleApplication3\Release\link-cvtres.write.1.tlog
C:\Users\Max\Documents\Final game\v9\ConsoleApplication3\Release\link-rc.read.1.tlog
C:\Users\Max\Documents\Final game\v9\ConsoleApplication3\Release\link-rc.write.1.tlog
C:\Users\Max\Documents\Final game\v9\ConsoleApplication3\Release\link.command.1.tlog
C:\Users\Max\Documents\Final game\v9\ConsoleApplication3\Release\link.read.1.tlog
C:\Users\Max\Documents\Final game\v9\ConsoleApplication3\Release\link.write.1.tlog
C:\Users\Max\Documents\Final game\v9\ConsoleApplication3\Release\vc110.pdb
C:\Users\Max\Documents\Final game\v9\Release\Game.pdb
C:\Users\Max\Documents\Final game\v9\Release\Game.exe
